1773370823.247614 client started (54884): version 3.6a, socket /private/tmp/tmux-501/default, protocol 8
1773370823.247643 on Darwin 25.3.0 Darwin Kernel Version 25.3.0: Wed Jan 28 20:56:35 PST 2026; root:xnu-12377.91.3~2/RELEASE_ARM64_T6030
1773370823.247649 using libevent 2.1.12-stable select
1773370823.247654 using utf8proc 2.11.3
1773370823.247658 using ncurses 6.5 20240427
1773370823.247667 flags are 0x10000
1773370823.247670 socket is /private/tmp/tmux-501/default
1773370823.247677 trying connect
1773370823.247698 add peer 0x104a0e530: 6 (0x0)
1773370823.252173 sending message 111 to peer 0x104a0e530 (8 bytes)
1773370823.252194 sending message 111 to peer 0x104a0e530 (8 bytes)
1773370823.252200 sending message 101 to peer 0x104a0e530 (14 bytes)
1773370823.252205 sending message 109 to peer 0x104a0e530 (4 bytes)
1773370823.252209 sending message 102 to peer 0x104a0e530 (13 bytes)
1773370823.252280 sending message 108 to peer 0x104a0e530 (30 bytes)
1773370823.252318 sending message 112 to peer 0x104a0e530 (70 bytes)
1773370823.252329 sending message 112 to peer 0x104a0e530 (5 bytes)
1773370823.252337 sending message 112 to peer 0x104a0e530 (5 bytes)
1773370823.252352 sending message 112 to peer 0x104a0e530 (6 bytes)
1773370823.252373 sending message 112 to peer 0x104a0e530 (6 bytes)
1773370823.252382 sending message 112 to peer 0x104a0e530 (11 bytes)
1773370823.252397 sending message 112 to peer 0x104a0e530 (10 bytes)
1773370823.252405 sending message 112 to peer 0x104a0e530 (13 bytes)
1773370823.252413 sending message 112 to peer 0x104a0e530 (13 bytes)
1773370823.252424 sending message 112 to peer 0x104a0e530 (18 bytes)
1773370823.252458 sending message 112 to peer 0x104a0e530 (11 bytes)
1773370823.252473 sending message 112 to peer 0x104a0e530 (10 bytes)
1773370823.252480 sending message 112 to peer 0x104a0e530 (15 bytes)
1773370823.252484 sending message 112 to peer 0x104a0e530 (21 bytes)
1773370823.252488 sending message 112 to peer 0x104a0e530 (13 bytes)
1773370823.252493 sending message 112 to peer 0x104a0e530 (7 bytes)
1773370823.252499 sending message 112 to peer 0x104a0e530 (13 bytes)
1773370823.252504 sending message 112 to peer 0x104a0e530 (7 bytes)
1773370823.252508 sending message 112 to peer 0x104a0e530 (13 bytes)
1773370823.252513 sending message 112 to peer 0x104a0e530 (9 bytes)
1773370823.252519 sending message 112 to peer 0x104a0e530 (21 bytes)
1773370823.252524 sending message 112 to peer 0x104a0e530 (13 bytes)
1773370823.252528 sending message 112 to peer 0x104a0e530 (8 bytes)
1773370823.252532 sending message 112 to peer 0x104a0e530 (12 bytes)
1773370823.252536 sending message 112 to peer 0x104a0e530 (13 bytes)
1773370823.252538 sending message 112 to peer 0x104a0e530 (9 bytes)
1773370823.252541 sending message 112 to peer 0x104a0e530 (9 bytes)
1773370823.252545 sending message 112 to peer 0x104a0e530 (12 bytes)
1773370823.252548 sending message 112 to peer 0x104a0e530 (8 bytes)
1773370823.252553 sending message 112 to peer 0x104a0e530 (7 bytes)
1773370823.252558 sending message 112 to peer 0x104a0e530 (7 bytes)
1773370823.252564 sending message 112 to peer 0x104a0e530 (9 bytes)
1773370823.252567 sending message 112 to peer 0x104a0e530 (13 bytes)
1773370823.252570 sending message 112 to peer 0x104a0e530 (6 bytes)
1773370823.252574 sending message 112 to peer 0x104a0e530 (9 bytes)
1773370823.252578 sending message 112 to peer 0x104a0e530 (13 bytes)
1773370823.252582 sending message 112 to peer 0x104a0e530 (12 bytes)
1773370823.252585 sending message 112 to peer 0x104a0e530 (8 bytes)
1773370823.252588 sending message 112 to peer 0x104a0e530 (9 bytes)
1773370823.252591 sending message 112 to peer 0x104a0e530 (10 bytes)
1773370823.252593 sending message 112 to peer 0x104a0e530 (10 bytes)
1773370823.252597 sending message 112 to peer 0x104a0e530 (10 bytes)
1773370823.252601 sending message 112 to peer 0x104a0e530 (10 bytes)
1773370823.252604 sending message 112 to peer 0x104a0e530 (11 bytes)
1773370823.252608 sending message 112 to peer 0x104a0e530 (10 bytes)
1773370823.252610 sending message 112 to peer 0x104a0e530 (8 bytes)
1773370823.252624 sending message 112 to peer 0x104a0e530 (11 bytes)
1773370823.252627 sending message 112 to peer 0x104a0e530 (11 bytes)
1773370823.252629 sending message 112 to peer 0x104a0e530 (11 bytes)
1773370823.252632 sending message 112 to peer 0x104a0e530 (8 bytes)
1773370823.252634 sending message 112 to peer 0x104a0e530 (8 bytes)
1773370823.252636 sending message 112 to peer 0x104a0e530 (8 bytes)
1773370823.252640 sending message 112 to peer 0x104a0e530 (10 bytes)
1773370823.252642 sending message 112 to peer 0x104a0e530 (10 bytes)
1773370823.252645 sending message 112 to peer 0x104a0e530 (10 bytes)
1773370823.252649 sending message 112 to peer 0x104a0e530 (10 bytes)
1773370823.252652 sending message 112 to peer 0x104a0e530 (10 bytes)
1773370823.252655 sending message 112 to peer 0x104a0e530 (11 bytes)
1773370823.252658 sending message 112 to peer 0x104a0e530 (11 bytes)
1773370823.252661 sending message 112 to peer 0x104a0e530 (10 bytes)
1773370823.252664 sending message 112 to peer 0x104a0e530 (9 bytes)
1773370823.252666 sending message 112 to peer 0x104a0e530 (9 bytes)
1773370823.252671 sending message 112 to peer 0x104a0e530 (12 bytes)
1773370823.252675 sending message 112 to peer 0x104a0e530 (9 bytes)
1773370823.252677 sending message 112 to peer 0x104a0e530 (6 bytes)
1773370823.252680 sending message 112 to peer 0x104a0e530 (8 bytes)
1773370823.252683 sending message 112 to peer 0x104a0e530 (15 bytes)
1773370823.252685 sending message 112 to peer 0x104a0e530 (13 bytes)
1773370823.252688 sending message 112 to peer 0x104a0e530 (9 bytes)
1773370823.252691 sending message 112 to peer 0x104a0e530 (70 bytes)
1773370823.252694 sending message 112 to peer 0x104a0e530 (69 bytes)
1773370823.252697 sending message 112 to peer 0x104a0e530 (10 bytes)
1773370823.252700 sending message 112 to peer 0x104a0e530 (10 bytes)
1773370823.252702 sending message 112 to peer 0x104a0e530 (8 bytes)
1773370823.252704 sending message 112 to peer 0x104a0e530 (15 bytes)
1773370823.252707 sending message 112 to peer 0x104a0e530 (13 bytes)
1773370823.252710 sending message 112 to peer 0x104a0e530 (10 bytes)
1773370823.252712 sending message 112 to peer 0x104a0e530 (10 bytes)
1773370823.252715 sending message 112 to peer 0x104a0e530 (13 bytes)
1773370823.252718 sending message 112 to peer 0x104a0e530 (9 bytes)
1773370823.252720 sending message 112 to peer 0x104a0e530 (5 bytes)
1773370823.252723 sending message 112 to peer 0x104a0e530 (5 bytes)
1773370823.252726 sending message 104 to peer 0x104a0e530 (0 bytes)
1773370823.252729 sending message 110 to peer 0x104a0e530 (0 bytes)
1773370823.252731 sending message 107 to peer 0x104a0e530 (4 bytes)
1773370823.252734 sending message 105 to peer 0x104a0e530 (62 bytes)
1773370823.252737 sending message 105 to peer 0x104a0e530 (19 bytes)
1773370823.252741 sending message 105 to peer 0x104a0e530 (38 bytes)
1773370823.252743 sending message 105 to peer 0x104a0e530 (42 bytes)
1773370823.252745 sending message 105 to peer 0x104a0e530 (25 bytes)
1773370823.252747 sending message 105 to peer 0x104a0e530 (47 bytes)
1773370823.252750 sending message 105 to peer 0x104a0e530 (15 bytes)
1773370823.252752 sending message 105 to peer 0x104a0e530 (20 bytes)
1773370823.252755 sending message 105 to peer 0x104a0e530 (22 bytes)
1773370823.252757 sending message 105 to peer 0x104a0e530 (30 bytes)
1773370823.252760 sending message 105 to peer 0x104a0e530 (214 bytes)
1773370823.252763 sending message 105 to peer 0x104a0e530 (51 bytes)
1773370823.252766 sending message 105 to peer 0x104a0e530 (36 bytes)
1773370823.252769 sending message 105 to peer 0x104a0e530 (12 bytes)
1773370823.252772 sending message 105 to peer 0x104a0e530 (30 bytes)
1773370823.252775 sending message 105 to peer 0x104a0e530 (31 bytes)
1773370823.252778 sending message 105 to peer 0x104a0e530 (83 bytes)
1773370823.252782 sending message 105 to peer 0x104a0e530 (96 bytes)
1773370823.252785 sending message 105 to peer 0x104a0e530 (31 bytes)
1773370823.252788 sending message 105 to peer 0x104a0e530 (59 bytes)
1773370823.252791 sending message 105 to peer 0x104a0e530 (55 bytes)
1773370823.252805 sending message 105 to peer 0x104a0e530 (70 bytes)
1773370823.252808 sending message 105 to peer 0x104a0e530 (15 bytes)
1773370823.252812 sending message 105 to peer 0x104a0e530 (27 bytes)
1773370823.252815 sending message 105 to peer 0x104a0e530 (80 bytes)
1773370823.252818 sending message 105 to peer 0x104a0e530 (184 bytes)
1773370823.252821 sending message 105 to peer 0x104a0e530 (24 bytes)
1773370823.252825 sending message 105 to peer 0x104a0e530 (30 bytes)
1773370823.252828 sending message 105 to peer 0x104a0e530 (15 bytes)
1773370823.252831 sending message 105 to peer 0x104a0e530 (19 bytes)
1773370823.252835 sending message 105 to peer 0x104a0e530 (37 bytes)
1773370823.252839 sending message 105 to peer 0x104a0e530 (30 bytes)
1773370823.252842 sending message 105 to peer 0x104a0e530 (34 bytes)
1773370823.252845 sending message 105 to peer 0x104a0e530 (60 bytes)
1773370823.252849 sending message 105 to peer 0x104a0e530 (22 bytes)
1773370823.252852 sending message 105 to peer 0x104a0e530 (61 bytes)
1773370823.252855 sending message 105 to peer 0x104a0e530 (21 bytes)
1773370823.252858 sending message 105 to peer 0x104a0e530 (17 bytes)
1773370823.252860 sending message 105 to peer 0x104a0e530 (19 bytes)
1773370823.252864 sending message 105 to peer 0x104a0e530 (26 bytes)
1773370823.252867 sending message 105 to peer 0x104a0e530 (8 bytes)
1773370823.252869 sending message 105 to peer 0x104a0e530 (15 bytes)
1773370823.252871 sending message 105 to peer 0x104a0e530 (32 bytes)
1773370823.252873 sending message 105 to peer 0x104a0e530 (96 bytes)
1773370823.252876 sending message 105 to peer 0x104a0e530 (54 bytes)
1773370823.252878 sending message 105 to peer 0x104a0e530 (16 bytes)
1773370823.252881 sending message 105 to peer 0x104a0e530 (40 bytes)
1773370823.252883 sending message 105 to peer 0x104a0e530 (54 bytes)
1773370823.252885 sending message 105 to peer 0x104a0e530 (16 bytes)
1773370823.252887 sending message 105 to peer 0x104a0e530 (27 bytes)
1773370823.252889 sending message 105 to peer 0x104a0e530 (63 bytes)
1773370823.252891 sending message 105 to peer 0x104a0e530 (37 bytes)
1773370823.252893 sending message 105 to peer 0x104a0e530 (25 bytes)
1773370823.252895 sending message 105 to peer 0x104a0e530 (18 bytes)
1773370823.252897 sending message 105 to peer 0x104a0e530 (12 bytes)
1773370823.252899 sending message 105 to peer 0x104a0e530 (11 bytes)
1773370823.252902 sending message 105 to peer 0x104a0e530 (1205 bytes)
1773370823.252904 sending message 105 to peer 0x104a0e530 (22 bytes)
1773370823.252906 sending message 105 to peer 0x104a0e530 (27 bytes)
1773370823.252908 sending message 105 to peer 0x104a0e530 (27 bytes)
1773370823.252910 sending message 105 to peer 0x104a0e530 (23 bytes)
1773370823.252913 sending message 105 to peer 0x104a0e530 (36 bytes)
1773370823.252916 sending message 105 to peer 0x104a0e530 (31 bytes)
1773370823.252918 sending message 105 to peer 0x104a0e530 (34 bytes)
1773370823.252920 sending message 105 to peer 0x104a0e530 (33 bytes)
1773370823.252922 sending message 105 to peer 0x104a0e530 (24 bytes)
1773370823.252924 sending message 105 to peer 0x104a0e530 (15 bytes)
1773370823.252926 sending message 105 to peer 0x104a0e530 (8 bytes)
1773370823.252928 sending message 105 to peer 0x104a0e530 (66 bytes)
1773370823.252930 sending message 105 to peer 0x104a0e530 (57 bytes)
1773370823.252932 sending message 105 to peer 0x104a0e530 (27 bytes)
1773370823.252934 sending message 105 to peer 0x104a0e530 (24 bytes)
1773370823.252936 sending message 105 to peer 0x104a0e530 (19 bytes)
1773370823.252938 sending message 105 to peer 0x104a0e530 (86 bytes)
1773370823.252940 sending message 105 to peer 0x104a0e530 (45 bytes)
1773370823.252942 sending message 105 to peer 0x104a0e530 (18 bytes)
1773370823.252944 sending message 105 to peer 0x104a0e530 (26 bytes)
1773370823.252946 sending message 105 to peer 0x104a0e530 (60 bytes)
1773370823.252948 sending message 105 to peer 0x104a0e530 (57 bytes)
1773370823.252950 sending message 105 to peer 0x104a0e530 (42 bytes)
1773370823.252955 sending message 105 to peer 0x104a0e530 (35 bytes)
1773370823.252958 sending message 105 to peer 0x104a0e530 (47 bytes)
1773370823.252960 sending message 105 to peer 0x104a0e530 (14 bytes)
1773370823.252962 sending message 105 to peer 0x104a0e530 (53 bytes)
1773370823.252964 sending message 105 to peer 0x104a0e530 (42 bytes)
1773370823.252966 sending message 105 to peer 0x104a0e530 (30 bytes)
1773370823.252968 sending message 105 to peer 0x104a0e530 (38 bytes)
1773370823.252970 sending message 105 to peer 0x104a0e530 (12 bytes)
1773370823.252972 sending message 105 to peer 0x104a0e530 (32 bytes)
1773370823.252975 sending message 105 to peer 0x104a0e530 (99 bytes)
1773370823.252978 sending message 105 to peer 0x104a0e530 (849 bytes)
1773370823.252980 sending message 105 to peer 0x104a0e530 (49 bytes)
1773370823.252983 sending message 105 to peer 0x104a0e530 (47 bytes)
1773370823.252986 sending message 105 to peer 0x104a0e530 (14 bytes)
1773370823.252990 sending message 105 to peer 0x104a0e530 (19 bytes)
1773370823.252993 sending message 105 to peer 0x104a0e530 (29 bytes)
1773370823.252997 sending message 105 to peer 0x104a0e530 (26 bytes)
1773370823.253001 sending message 105 to peer 0x104a0e530 (22 bytes)
1773370823.253004 sending message 105 to peer 0x104a0e530 (43 bytes)
1773370823.253006 sending message 105 to peer 0x104a0e530 (39 bytes)
1773370823.253008 sending message 105 to peer 0x104a0e530 (109 bytes)
1773370823.253011 sending message 105 to peer 0x104a0e530 (70 bytes)
1773370823.253014 sending message 105 to peer 0x104a0e530 (10 bytes)
1773370823.253017 sending message 105 to peer 0x104a0e530 (42 bytes)
1773370823.253020 sending message 105 to peer 0x104a0e530 (25 bytes)
1773370823.253022 sending message 106 to peer 0x104a0e530 (0 bytes)
1773370823.253134 cmd_pack_argv: argv[0]=kill-session
1773370823.253162 sending message 200 to peer 0x104a0e530 (17 bytes)
1773370823.253183 client loop enter
1773370823.262975 peer 0x104a0e530 message 203
1773370823.263012 client loop exit
