1773371798.402013 client started (38150): version 3.6a, socket /private/tmp/tmux-501/default, protocol 8
1773371798.402073 on Darwin 25.3.0 Darwin Kernel Version 25.3.0: Wed Jan 28 20:56:35 PST 2026; root:xnu-12377.91.3~2/RELEASE_ARM64_T6030
1773371798.402081 using libevent 2.1.12-stable select
1773371798.402088 using utf8proc 2.11.3
1773371798.402092 using ncurses 6.5 20240427
1773371798.402102 flags are 0x10000
1773371798.402105 socket is /private/tmp/tmux-501/default
1773371798.402113 trying connect
1773371798.402146 add peer 0x10303a0d0: 6 (0x0)
1773371798.405343 sending message 111 to peer 0x10303a0d0 (8 bytes)
1773371798.405370 sending message 111 to peer 0x10303a0d0 (8 bytes)
1773371798.405375 sending message 101 to peer 0x10303a0d0 (14 bytes)
1773371798.405379 sending message 109 to peer 0x10303a0d0 (4 bytes)
1773371798.405383 sending message 102 to peer 0x10303a0d0 (13 bytes)
1773371798.405386 sending message 108 to peer 0x10303a0d0 (30 bytes)
1773371798.405389 sending message 112 to peer 0x10303a0d0 (70 bytes)
1773371798.405392 sending message 112 to peer 0x10303a0d0 (5 bytes)
1773371798.405395 sending message 112 to peer 0x10303a0d0 (5 bytes)
1773371798.405400 sending message 112 to peer 0x10303a0d0 (6 bytes)
1773371798.405405 sending message 112 to peer 0x10303a0d0 (6 bytes)
1773371798.405407 sending message 112 to peer 0x10303a0d0 (11 bytes)
1773371798.405410 sending message 112 to peer 0x10303a0d0 (10 bytes)
1773371798.405413 sending message 112 to peer 0x10303a0d0 (13 bytes)
1773371798.405416 sending message 112 to peer 0x10303a0d0 (13 bytes)
1773371798.405419 sending message 112 to peer 0x10303a0d0 (18 bytes)
1773371798.405425 sending message 112 to peer 0x10303a0d0 (11 bytes)
1773371798.405428 sending message 112 to peer 0x10303a0d0 (10 bytes)
1773371798.405431 sending message 112 to peer 0x10303a0d0 (15 bytes)
1773371798.405433 sending message 112 to peer 0x10303a0d0 (21 bytes)
1773371798.405436 sending message 112 to peer 0x10303a0d0 (13 bytes)
1773371798.405438 sending message 112 to peer 0x10303a0d0 (7 bytes)
1773371798.405441 sending message 112 to peer 0x10303a0d0 (13 bytes)
1773371798.405444 sending message 112 to peer 0x10303a0d0 (7 bytes)
1773371798.405446 sending message 112 to peer 0x10303a0d0 (13 bytes)
1773371798.405449 sending message 112 to peer 0x10303a0d0 (9 bytes)
1773371798.405451 sending message 112 to peer 0x10303a0d0 (21 bytes)
1773371798.405454 sending message 112 to peer 0x10303a0d0 (13 bytes)
1773371798.405456 sending message 112 to peer 0x10303a0d0 (8 bytes)
1773371798.405459 sending message 112 to peer 0x10303a0d0 (12 bytes)
1773371798.405461 sending message 112 to peer 0x10303a0d0 (13 bytes)
1773371798.405464 sending message 112 to peer 0x10303a0d0 (9 bytes)
1773371798.405468 sending message 112 to peer 0x10303a0d0 (9 bytes)
1773371798.405471 sending message 112 to peer 0x10303a0d0 (12 bytes)
1773371798.405473 sending message 112 to peer 0x10303a0d0 (8 bytes)
1773371798.405476 sending message 112 to peer 0x10303a0d0 (7 bytes)
1773371798.405478 sending message 112 to peer 0x10303a0d0 (7 bytes)
1773371798.405481 sending message 112 to peer 0x10303a0d0 (9 bytes)
1773371798.405484 sending message 112 to peer 0x10303a0d0 (13 bytes)
1773371798.405486 sending message 112 to peer 0x10303a0d0 (6 bytes)
1773371798.405489 sending message 112 to peer 0x10303a0d0 (9 bytes)
1773371798.405491 sending message 112 to peer 0x10303a0d0 (13 bytes)
1773371798.405494 sending message 112 to peer 0x10303a0d0 (12 bytes)
1773371798.405496 sending message 112 to peer 0x10303a0d0 (8 bytes)
1773371798.405499 sending message 112 to peer 0x10303a0d0 (9 bytes)
1773371798.405501 sending message 112 to peer 0x10303a0d0 (10 bytes)
1773371798.405504 sending message 112 to peer 0x10303a0d0 (10 bytes)
1773371798.405506 sending message 112 to peer 0x10303a0d0 (10 bytes)
1773371798.405509 sending message 112 to peer 0x10303a0d0 (10 bytes)
1773371798.405511 sending message 112 to peer 0x10303a0d0 (11 bytes)
1773371798.405514 sending message 112 to peer 0x10303a0d0 (10 bytes)
1773371798.405516 sending message 112 to peer 0x10303a0d0 (8 bytes)
1773371798.405528 sending message 112 to peer 0x10303a0d0 (11 bytes)
1773371798.405531 sending message 112 to peer 0x10303a0d0 (11 bytes)
1773371798.405533 sending message 112 to peer 0x10303a0d0 (11 bytes)
1773371798.405535 sending message 112 to peer 0x10303a0d0 (8 bytes)
1773371798.405537 sending message 112 to peer 0x10303a0d0 (8 bytes)
1773371798.405539 sending message 112 to peer 0x10303a0d0 (8 bytes)
1773371798.405541 sending message 112 to peer 0x10303a0d0 (10 bytes)
1773371798.405543 sending message 112 to peer 0x10303a0d0 (10 bytes)
1773371798.405545 sending message 112 to peer 0x10303a0d0 (10 bytes)
1773371798.405547 sending message 112 to peer 0x10303a0d0 (10 bytes)
1773371798.405549 sending message 112 to peer 0x10303a0d0 (10 bytes)
1773371798.405551 sending message 112 to peer 0x10303a0d0 (11 bytes)
1773371798.405553 sending message 112 to peer 0x10303a0d0 (11 bytes)
1773371798.405555 sending message 112 to peer 0x10303a0d0 (10 bytes)
1773371798.405558 sending message 112 to peer 0x10303a0d0 (9 bytes)
1773371798.405561 sending message 112 to peer 0x10303a0d0 (9 bytes)
1773371798.405563 sending message 112 to peer 0x10303a0d0 (12 bytes)
1773371798.405566 sending message 112 to peer 0x10303a0d0 (9 bytes)
1773371798.405568 sending message 112 to peer 0x10303a0d0 (6 bytes)
1773371798.405571 sending message 112 to peer 0x10303a0d0 (8 bytes)
1773371798.405573 sending message 112 to peer 0x10303a0d0 (15 bytes)
1773371798.405575 sending message 112 to peer 0x10303a0d0 (13 bytes)
1773371798.405577 sending message 112 to peer 0x10303a0d0 (9 bytes)
1773371798.405580 sending message 112 to peer 0x10303a0d0 (70 bytes)
1773371798.405582 sending message 112 to peer 0x10303a0d0 (69 bytes)
1773371798.405584 sending message 112 to peer 0x10303a0d0 (10 bytes)
1773371798.405587 sending message 112 to peer 0x10303a0d0 (10 bytes)
1773371798.405589 sending message 112 to peer 0x10303a0d0 (8 bytes)
1773371798.405592 sending message 112 to peer 0x10303a0d0 (15 bytes)
1773371798.405595 sending message 112 to peer 0x10303a0d0 (13 bytes)
1773371798.405597 sending message 112 to peer 0x10303a0d0 (10 bytes)
1773371798.405599 sending message 112 to peer 0x10303a0d0 (10 bytes)
1773371798.405601 sending message 112 to peer 0x10303a0d0 (13 bytes)
1773371798.405603 sending message 112 to peer 0x10303a0d0 (9 bytes)
1773371798.405605 sending message 112 to peer 0x10303a0d0 (5 bytes)
1773371798.405607 sending message 112 to peer 0x10303a0d0 (5 bytes)
1773371798.405611 sending message 104 to peer 0x10303a0d0 (0 bytes)
1773371798.405613 sending message 110 to peer 0x10303a0d0 (0 bytes)
1773371798.405615 sending message 107 to peer 0x10303a0d0 (4 bytes)
1773371798.405617 sending message 105 to peer 0x10303a0d0 (62 bytes)
1773371798.405619 sending message 105 to peer 0x10303a0d0 (19 bytes)
1773371798.405621 sending message 105 to peer 0x10303a0d0 (38 bytes)
1773371798.405623 sending message 105 to peer 0x10303a0d0 (42 bytes)
1773371798.405625 sending message 105 to peer 0x10303a0d0 (25 bytes)
1773371798.405627 sending message 105 to peer 0x10303a0d0 (47 bytes)
1773371798.405629 sending message 105 to peer 0x10303a0d0 (15 bytes)
1773371798.405631 sending message 105 to peer 0x10303a0d0 (20 bytes)
1773371798.405633 sending message 105 to peer 0x10303a0d0 (22 bytes)
1773371798.405635 sending message 105 to peer 0x10303a0d0 (30 bytes)
1773371798.405637 sending message 105 to peer 0x10303a0d0 (214 bytes)
1773371798.405639 sending message 105 to peer 0x10303a0d0 (51 bytes)
1773371798.405641 sending message 105 to peer 0x10303a0d0 (36 bytes)
1773371798.405644 sending message 105 to peer 0x10303a0d0 (12 bytes)
1773371798.405645 sending message 105 to peer 0x10303a0d0 (30 bytes)
1773371798.405647 sending message 105 to peer 0x10303a0d0 (31 bytes)
1773371798.405649 sending message 105 to peer 0x10303a0d0 (83 bytes)
1773371798.405651 sending message 105 to peer 0x10303a0d0 (96 bytes)
1773371798.405653 sending message 105 to peer 0x10303a0d0 (31 bytes)
1773371798.405655 sending message 105 to peer 0x10303a0d0 (59 bytes)
1773371798.405657 sending message 105 to peer 0x10303a0d0 (55 bytes)
1773371798.405663 sending message 105 to peer 0x10303a0d0 (70 bytes)
1773371798.405665 sending message 105 to peer 0x10303a0d0 (15 bytes)
1773371798.405667 sending message 105 to peer 0x10303a0d0 (27 bytes)
1773371798.405669 sending message 105 to peer 0x10303a0d0 (80 bytes)
1773371798.405671 sending message 105 to peer 0x10303a0d0 (184 bytes)
1773371798.405673 sending message 105 to peer 0x10303a0d0 (24 bytes)
1773371798.405675 sending message 105 to peer 0x10303a0d0 (30 bytes)
1773371798.405677 sending message 105 to peer 0x10303a0d0 (15 bytes)
1773371798.405679 sending message 105 to peer 0x10303a0d0 (19 bytes)
1773371798.405681 sending message 105 to peer 0x10303a0d0 (37 bytes)
1773371798.405683 sending message 105 to peer 0x10303a0d0 (30 bytes)
1773371798.405685 sending message 105 to peer 0x10303a0d0 (34 bytes)
1773371798.405686 sending message 105 to peer 0x10303a0d0 (60 bytes)
1773371798.405688 sending message 105 to peer 0x10303a0d0 (22 bytes)
1773371798.405690 sending message 105 to peer 0x10303a0d0 (61 bytes)
1773371798.405692 sending message 105 to peer 0x10303a0d0 (21 bytes)
1773371798.405694 sending message 105 to peer 0x10303a0d0 (17 bytes)
1773371798.405696 sending message 105 to peer 0x10303a0d0 (19 bytes)
1773371798.405698 sending message 105 to peer 0x10303a0d0 (26 bytes)
1773371798.405700 sending message 105 to peer 0x10303a0d0 (8 bytes)
1773371798.405702 sending message 105 to peer 0x10303a0d0 (15 bytes)
1773371798.405704 sending message 105 to peer 0x10303a0d0 (32 bytes)
1773371798.405706 sending message 105 to peer 0x10303a0d0 (96 bytes)
1773371798.405708 sending message 105 to peer 0x10303a0d0 (54 bytes)
1773371798.405709 sending message 105 to peer 0x10303a0d0 (16 bytes)
1773371798.405711 sending message 105 to peer 0x10303a0d0 (40 bytes)
1773371798.405713 sending message 105 to peer 0x10303a0d0 (54 bytes)
1773371798.405715 sending message 105 to peer 0x10303a0d0 (16 bytes)
1773371798.405717 sending message 105 to peer 0x10303a0d0 (27 bytes)
1773371798.405719 sending message 105 to peer 0x10303a0d0 (63 bytes)
1773371798.405721 sending message 105 to peer 0x10303a0d0 (37 bytes)
1773371798.405723 sending message 105 to peer 0x10303a0d0 (25 bytes)
1773371798.405725 sending message 105 to peer 0x10303a0d0 (18 bytes)
1773371798.405727 sending message 105 to peer 0x10303a0d0 (12 bytes)
1773371798.405729 sending message 105 to peer 0x10303a0d0 (11 bytes)
1773371798.405731 sending message 105 to peer 0x10303a0d0 (1205 bytes)
1773371798.405733 sending message 105 to peer 0x10303a0d0 (22 bytes)
1773371798.405735 sending message 105 to peer 0x10303a0d0 (27 bytes)
1773371798.405737 sending message 105 to peer 0x10303a0d0 (27 bytes)
1773371798.405739 sending message 105 to peer 0x10303a0d0 (23 bytes)
1773371798.405741 sending message 105 to peer 0x10303a0d0 (36 bytes)
1773371798.405743 sending message 105 to peer 0x10303a0d0 (31 bytes)
1773371798.405744 sending message 105 to peer 0x10303a0d0 (34 bytes)
1773371798.405746 sending message 105 to peer 0x10303a0d0 (33 bytes)
1773371798.405748 sending message 105 to peer 0x10303a0d0 (24 bytes)
1773371798.405750 sending message 105 to peer 0x10303a0d0 (15 bytes)
1773371798.405752 sending message 105 to peer 0x10303a0d0 (8 bytes)
1773371798.405754 sending message 105 to peer 0x10303a0d0 (66 bytes)
1773371798.405756 sending message 105 to peer 0x10303a0d0 (57 bytes)
1773371798.405758 sending message 105 to peer 0x10303a0d0 (27 bytes)
1773371798.405760 sending message 105 to peer 0x10303a0d0 (24 bytes)
1773371798.405762 sending message 105 to peer 0x10303a0d0 (19 bytes)
1773371798.405764 sending message 105 to peer 0x10303a0d0 (86 bytes)
1773371798.405766 sending message 105 to peer 0x10303a0d0 (45 bytes)
1773371798.405768 sending message 105 to peer 0x10303a0d0 (18 bytes)
1773371798.405769 sending message 105 to peer 0x10303a0d0 (26 bytes)
1773371798.405771 sending message 105 to peer 0x10303a0d0 (60 bytes)
1773371798.405773 sending message 105 to peer 0x10303a0d0 (57 bytes)
1773371798.405775 sending message 105 to peer 0x10303a0d0 (42 bytes)
1773371798.405780 sending message 105 to peer 0x10303a0d0 (35 bytes)
1773371798.405782 sending message 105 to peer 0x10303a0d0 (47 bytes)
1773371798.405784 sending message 105 to peer 0x10303a0d0 (14 bytes)
1773371798.405785 sending message 105 to peer 0x10303a0d0 (53 bytes)
1773371798.405787 sending message 105 to peer 0x10303a0d0 (42 bytes)
1773371798.405789 sending message 105 to peer 0x10303a0d0 (30 bytes)
1773371798.405791 sending message 105 to peer 0x10303a0d0 (38 bytes)
1773371798.405793 sending message 105 to peer 0x10303a0d0 (12 bytes)
1773371798.405795 sending message 105 to peer 0x10303a0d0 (32 bytes)
1773371798.405797 sending message 105 to peer 0x10303a0d0 (99 bytes)
1773371798.405799 sending message 105 to peer 0x10303a0d0 (849 bytes)
1773371798.405801 sending message 105 to peer 0x10303a0d0 (49 bytes)
1773371798.405803 sending message 105 to peer 0x10303a0d0 (47 bytes)
1773371798.405805 sending message 105 to peer 0x10303a0d0 (14 bytes)
1773371798.405807 sending message 105 to peer 0x10303a0d0 (19 bytes)
1773371798.405810 sending message 105 to peer 0x10303a0d0 (29 bytes)
1773371798.405812 sending message 105 to peer 0x10303a0d0 (26 bytes)
1773371798.405814 sending message 105 to peer 0x10303a0d0 (22 bytes)
1773371798.405816 sending message 105 to peer 0x10303a0d0 (43 bytes)
1773371798.405818 sending message 105 to peer 0x10303a0d0 (39 bytes)
1773371798.405820 sending message 105 to peer 0x10303a0d0 (109 bytes)
1773371798.405822 sending message 105 to peer 0x10303a0d0 (70 bytes)
1773371798.405824 sending message 105 to peer 0x10303a0d0 (10 bytes)
1773371798.405826 sending message 105 to peer 0x10303a0d0 (42 bytes)
1773371798.405827 sending message 105 to peer 0x10303a0d0 (25 bytes)
1773371798.405829 sending message 106 to peer 0x10303a0d0 (0 bytes)
1773371798.405894 cmd_pack_argv: argv[0]=kill-session
1773371798.405900 sending message 200 to peer 0x10303a0d0 (17 bytes)
1773371798.405902 client loop enter
1773371798.411784 peer 0x10303a0d0 message 203
1773371798.411838 client_signal: Hangup: 1
1773371798.411848 client loop exit
